<?xml version="1.0" encoding="UTF-8"?>
<!-- Generated by org.testng.reporters.JUnitReportReporter -->
<testsuite hostname="Belaiti" failures="0" tests="2" name="testNGTests.testNG1" time="0.006" errors="0" timestamp="2025-04-20T21:07:53 EDT" skipped="1">
  <testcase classname="testNGTests.testNG1" name="demo3" time="0.006"/>
  <testcase classname="testNGTests.testNG1" name="demo1">
    <skipped/>
  </testcase> <!-- demo1 -->
</testsuite> <!-- testNGTests.testNG1 -->
