<?xml version="1.0" encoding="UTF-8"?>
<!-- Generated by org.testng.reporters.JUnitReportReporter -->
<testsuite hostname="Belaiti" failures="0" tests="2" name="testNGTests.Child" time="0.020" errors="0" timestamp="2025-04-22T19:31:34 EDT" skipped="0">
  <testcase classname="testNGTests.Child" name="childMethod" time="0.019"/>
  <testcase classname="testNGTests.Child" name="callingParentMethod" time="0.001"/>
</testsuite> <!-- testNGTests.Child -->
