<?xml version="1.0" encoding="UTF-8"?>
<!-- Generated by org.testng.reporters.JUnitReportReporter -->
<testsuite hostname="Belaiti" failures="0" tests="1" name="testNGTests.annotationExmple" time="0.012" errors="0" timestamp="2025-04-18T11:02:46 EDT" skipped="0">
  <testcase classname="testNGTests.annotationExmple" name="getTitle" time="0.012"/>
</testsuite> <!-- testNGTests.annotationExmple -->
