<?xml version="1.0" encoding="UTF-8"?>
<!-- Generated by org.testng.reporters.JUnitReportReporter -->
<testsuite hostname="Belaiti" failures="0" tests="4" name="testNGTests.parameteizationTestNG" time="0.012" errors="0" timestamp="2025-04-20T21:07:53 EDT" skipped="0">
  <testcase classname="testNGTests.parameteizationTestNG" name="dtprovider" time="0.001"/>
  <testcase classname="testNGTests.parameteizationTestNG" name="dtprovider" time="0.007"/>
  <testcase classname="testNGTests.parameteizationTestNG" name="dtprovider" time="0.003"/>
  <testcase classname="testNGTests.parameteizationTestNG" name="param" time="0.001"/>
</testsuite> <!-- testNGTests.parameteizationTestNG -->
