<?xml version="1.0" encoding="UTF-8"?>
<!-- Generated by org.testng.reporters.JUnitReportReporter -->
<testsuite hostname="Belaiti" failures="0" tests="3" name="testNGTests.streamDemo" time="0.021" errors="0" timestamp="2025-04-16T17:30:16 EDT" skipped="0">
  <testcase classname="testNGTests.streamDemo" name="sFilter" time="0.013"/>
  <testcase classname="testNGTests.streamDemo" name="stremMap" time="0.004"/>
  <testcase classname="testNGTests.streamDemo" name="streamCollect" time="0.004"/>
</testsuite> <!-- testNGTests.streamDemo -->
