<?xml version="1.0" encoding="UTF-8"?>
<!-- Generated by org.testng.reporters.JUnitReportReporter -->
<testsuite hostname="Belaiti" failures="0" tests="1" name="testNGTests.GitDemoClass" time="0.018" errors="0" timestamp="2025-05-30T15:21:09 EDT" skipped="0">
  <testcase classname="testNGTests.GitDemoClass" name="demoCodes" time="0.018"/>
</testsuite> <!-- testNGTests.GitDemoClass -->
